0 info it worked if it ends with ok
1 verbose cli [ '/usr/bin/node', '/usr/bin/npm', 'run', 'dev' ]
2 info using npm@3.10.10
3 info using node@v6.12.0
4 verbose run-script [ 'predev', 'dev', 'postdev' ]
5 info lifecycle uiucwp_fa17@1.0.0~predev: uiucwp_fa17@1.0.0
6 silly lifecycle uiucwp_fa17@1.0.0~predev: no script for predev, continuing
7 info lifecycle uiucwp_fa17@1.0.0~dev: uiucwp_fa17@1.0.0
8 verbose lifecycle uiucwp_fa17@1.0.0~dev: unsafe-perm in lifecycle true
9 verbose lifecycle uiucwp_fa17@1.0.0~dev: PATH: /usr/lib/node_modules/npm/bin/node-gyp-bin:/home/Project/travelwebpage/node_modules/.bin:/usr/local/bin:/usr/bin:/usr/local/sbin:/usr/sbin:/home/bgirard2/.local/bin:/home/bgirard2/bin
10 verbose lifecycle uiucwp_fa17@1.0.0~dev: CWD: /home/Project/travelwebpage
11 silly lifecycle uiucwp_fa17@1.0.0~dev: Args: [ '-c',
11 silly lifecycle   'webpack-dev-server --content-base public/ --history-api-fallback' ]
12 silly lifecycle uiucwp_fa17@1.0.0~dev: Returned: code: 126  signal: null
13 info lifecycle uiucwp_fa17@1.0.0~dev: Failed to exec dev script
14 verbose stack Error: uiucwp_fa17@1.0.0 dev: `webpack-dev-server --content-base public/ --history-api-fallback`
14 verbose stack Exit status 126
14 verbose stack     at EventEmitter.<anonymous> (/usr/lib/node_modules/npm/lib/utils/lifecycle.js:255:16)
14 verbose stack     at emitTwo (events.js:106:13)
14 verbose stack     at EventEmitter.emit (events.js:191:7)
14 verbose stack     at ChildProcess.<anonymous> (/usr/lib/node_modules/npm/lib/utils/spawn.js:40:14)
14 verbose stack     at emitTwo (events.js:106:13)
14 verbose stack     at ChildProcess.emit (events.js:191:7)
14 verbose stack     at maybeClose (internal/child_process.js:920:16)
14 verbose stack     at Process.ChildProcess._handle.onexit (internal/child_process.js:230:5)
15 verbose pkgid uiucwp_fa17@1.0.0
16 verbose cwd /home/Project/travelwebpage/source
17 error Linux 3.10.0-514.26.2.el7.x86_64
18 error argv "/usr/bin/node" "/usr/bin/npm" "run" "dev"
19 error node v6.12.0
20 error npm  v3.10.10
21 error code ELIFECYCLE
22 error uiucwp_fa17@1.0.0 dev: `webpack-dev-server --content-base public/ --history-api-fallback`
22 error Exit status 126
23 error Failed at the uiucwp_fa17@1.0.0 dev script 'webpack-dev-server --content-base public/ --history-api-fallback'.
23 error Make sure you have the latest version of node.js and npm installed.
23 error If you do, this is most likely a problem with the uiucwp_fa17 package,
23 error not with npm itself.
23 error Tell the author that this fails on your system:
23 error     webpack-dev-server --content-base public/ --history-api-fallback
23 error You can get information on how to open an issue for this project with:
23 error     npm bugs uiucwp_fa17
23 error Or if that isn't available, you can get their info via:
23 error     npm owner ls uiucwp_fa17
23 error There is likely additional logging output above.
24 verbose exit [ 1, true ]
